<?xml version="1.0" encoding="UTF-8"?>
<testsuite name="SimpleSearchEngineTest" tests="1" skipped="1" failures="0" errors="0" timestamp="2024-10-03T09:20:32" hostname="C18140" time="0.423">
  <properties/>
  <testcase name="start" classname="SimpleSearchEngineTest" time="0.423">
    <skipped/>
  </testcase>
  <system-out><![CDATA[?[1;31m
Start test 1?[0m
The file text.txt does not exist. Please create the file and add people data.
=== Menu ===
1. Find a person
2. Print all people
0. Exit
> 1
Select a matching strategy: ALL, ANY, NONE
> ANY
Enter a name or email to search all suitable people:
> bob gallien@evilcorp.com
No matching people found.
=== Menu ===
1. Find a person
2. Print all people
0. Exit
> 2
No data available.
=== Menu ===
1. Find a person
2. Print all people
0. Exit
> 1
Select a matching strategy: ALL, ANY, NONE
> NONE
Enter a name or email to search all suitable people:
> bob gallien@evilcorp.com
No matching people found.
=== Menu ===
1. Find a person
2. Print all people
0. Exit
> 0
Bye!
]]></system-out>
  <system-err><![CDATA[]]></system-err>
</testsuite>
